e:\michael\documents\george brown\second semester\game 1014 game production ii\github - post beta\cat and mouse\intermediate\debug\vc142.pdb
e:\michael\documents\george brown\second semester\game 1014 game production ii\github - post beta\cat and mouse\intermediate\debug\vc142.idb
e:\michael\documents\george brown\second semester\game 1014 game production ii\github - post beta\cat and mouse\intermediate\debug\player.obj
e:\michael\documents\george brown\second semester\game 1014 game production ii\github - post beta\cat and mouse\intermediate\debug\game.obj
e:\michael\documents\george brown\second semester\game 1014 game production ii\github - post beta\cat and mouse\intermediate\debug\ui_scores.obj
e:\michael\documents\george brown\second semester\game 1014 game production ii\github - post beta\cat and mouse\intermediate\debug\ui_menu.obj
e:\michael\documents\george brown\second semester\game 1014 game production ii\github - post beta\cat and mouse\intermediate\debug\ui_manager.obj
e:\michael\documents\george brown\second semester\game 1014 game production ii\github - post beta\cat and mouse\intermediate\debug\ui_mainmenu.obj
e:\michael\documents\george brown\second semester\game 1014 game production ii\github - post beta\cat and mouse\intermediate\debug\ui_howtoplay.obj
e:\michael\documents\george brown\second semester\game 1014 game production ii\github - post beta\cat and mouse\intermediate\debug\ui_gameover.obj
e:\michael\documents\george brown\second semester\game 1014 game production ii\github - post beta\cat and mouse\intermediate\debug\button.obj
e:\michael\documents\george brown\second semester\game 1014 game production ii\github - post beta\cat and mouse\intermediate\debug\main.obj
e:\michael\documents\george brown\second semester\game 1014 game production ii\github - post beta\cat and mouse\intermediate\debug\ui_levels.obj
e:\michael\documents\george brown\second semester\game 1014 game production ii\github - post beta\cat and mouse\intermediate\debug\tile.obj
e:\michael\documents\george brown\second semester\game 1014 game production ii\github - post beta\cat and mouse\intermediate\debug\texturemanager.obj
e:\michael\documents\george brown\second semester\game 1014 game production ii\github - post beta\cat and mouse\intermediate\debug\sprite.obj
e:\michael\documents\george brown\second semester\game 1014 game production ii\github - post beta\cat and mouse\intermediate\debug\sdl_manager.obj
e:\michael\documents\george brown\second semester\game 1014 game production ii\github - post beta\cat and mouse\intermediate\debug\powerup.obj
e:\michael\documents\george brown\second semester\game 1014 game production ii\github - post beta\cat and mouse\intermediate\debug\input_manager.obj
e:\michael\documents\george brown\second semester\game 1014 game production ii\github - post beta\cat and mouse\intermediate\debug\game_manager.obj
e:\michael\documents\george brown\second semester\game 1014 game production ii\github - post beta\cat and mouse\intermediate\debug\cat.obj
e:\michael\documents\george brown\second semester\game 1014 game production ii\github - post beta\cat and mouse\intermediate\debug\audiomanager.obj
e:\michael\desktop\github - master\cat and mouse\intermediate\debug\vc142.pdb
e:\michael\desktop\github - master\cat and mouse\intermediate\debug\vc142.idb
e:\michael\desktop\github - master\cat and mouse\intermediate\debug\ui_scores.obj
e:\michael\desktop\github - master\cat and mouse\intermediate\debug\ui_menu.obj
e:\michael\desktop\github - master\cat and mouse\intermediate\debug\ui_manager.obj
e:\michael\desktop\github - master\cat and mouse\intermediate\debug\ui_mainmenu.obj
e:\michael\desktop\github - master\cat and mouse\intermediate\debug\ui_levels.obj
e:\michael\desktop\github - master\cat and mouse\intermediate\debug\ui_howtoplay.obj
e:\michael\desktop\github - master\cat and mouse\intermediate\debug\ui_gameover.obj
e:\michael\desktop\github - master\cat and mouse\intermediate\debug\tile.obj
e:\michael\desktop\github - master\cat and mouse\intermediate\debug\texturemanager.obj
e:\michael\desktop\github - master\cat and mouse\intermediate\debug\sprite.obj
e:\michael\desktop\github - master\cat and mouse\intermediate\debug\sdl_manager.obj
e:\michael\desktop\github - master\cat and mouse\intermediate\debug\powerup.obj
e:\michael\desktop\github - master\cat and mouse\intermediate\debug\player.obj
e:\michael\desktop\github - master\cat and mouse\intermediate\debug\main.obj
e:\michael\desktop\github - master\cat and mouse\intermediate\debug\input_manager.obj
e:\michael\desktop\github - master\cat and mouse\intermediate\debug\game_manager.obj
e:\michael\desktop\github - master\cat and mouse\intermediate\debug\game.obj
e:\michael\desktop\github - master\cat and mouse\intermediate\debug\cat.obj
e:\michael\desktop\github - master\cat and mouse\intermediate\debug\button.obj
e:\michael\desktop\github - master\cat and mouse\intermediate\debug\audiomanager.obj
e:\michael\documents\george brown\second semester\game 1014 game production ii\github - post beta\bin\debug\cat and mouse.exe
e:\michael\documents\george brown\second semester\game 1014 game production ii\github - post beta\bin\debug\cat and mouse.ilk
e:\michael\documents\george brown\second semester\game 1014 game production ii\github - post beta\bin\debug\cat and mouse.pdb
e:\michael\desktop\github - master\bin\debug\cat and mouse.exe
e:\michael\desktop\github - master\bin\debug\cat and mouse.ilk
e:\michael\desktop\github - master\bin\debug\cat and mouse.pdb
e:\michael\desktop\github - master\cat and mouse\intermediate\debug\cat and mouse.tlog\cl.command.1.tlog
e:\michael\desktop\github - master\cat and mouse\intermediate\debug\cat and mouse.tlog\cl.read.1.tlog
e:\michael\desktop\github - master\cat and mouse\intermediate\debug\cat and mouse.tlog\cl.write.1.tlog
e:\michael\desktop\github - master\cat and mouse\intermediate\debug\cat and mouse.tlog\link.command.1.tlog
e:\michael\desktop\github - master\cat and mouse\intermediate\debug\cat and mouse.tlog\link.read.1.tlog
e:\michael\desktop\github - master\cat and mouse\intermediate\debug\cat and mouse.tlog\link.write.1.tlog
