e:\michael\desktop\github - master\release\cat and mouse.ipdb
e:\michael\desktop\github - master\release\cat and mouse.iobj
e:\michael\desktop\github - master\cat and mouse\release\vc142.pdb
e:\michael\desktop\github - master\cat and mouse\release\ui_scores.obj
e:\michael\desktop\github - master\cat and mouse\release\ui_menu.obj
e:\michael\desktop\github - master\cat and mouse\release\ui_manager.obj
e:\michael\desktop\github - master\cat and mouse\release\ui_mainmenu.obj
e:\michael\desktop\github - master\cat and mouse\release\ui_levels.obj
e:\michael\desktop\github - master\cat and mouse\release\ui_howtoplay.obj
e:\michael\desktop\github - master\cat and mouse\release\ui_gameover.obj
e:\michael\desktop\github - master\cat and mouse\release\tile.obj
e:\michael\desktop\github - master\cat and mouse\release\texturemanager.obj
e:\michael\desktop\github - master\cat and mouse\release\sprite.obj
e:\michael\desktop\github - master\cat and mouse\release\sdl_manager.obj
e:\michael\desktop\github - master\cat and mouse\release\powerup.obj
e:\michael\desktop\github - master\cat and mouse\release\player.obj
e:\michael\desktop\github - master\cat and mouse\release\main.obj
e:\michael\desktop\github - master\cat and mouse\release\input_manager.obj
e:\michael\desktop\github - master\cat and mouse\release\game_manager.obj
e:\michael\desktop\github - master\cat and mouse\release\game.obj
e:\michael\desktop\github - master\cat and mouse\release\cat.obj
e:\michael\desktop\github - master\cat and mouse\release\button.obj
e:\michael\desktop\github - master\cat and mouse\release\audiomanager.obj
e:\michael\desktop\github - master\release\cat and mouse.exe
e:\michael\desktop\github - master\release\cat and mouse.pdb
e:\michael\desktop\github - master\cat and mouse\release\cat and mouse.tlog\cat and mouse.write.1u.tlog
e:\michael\desktop\github - master\cat and mouse\release\cat and mouse.tlog\cl.command.1.tlog
e:\michael\desktop\github - master\cat and mouse\release\cat and mouse.tlog\cl.read.1.tlog
e:\michael\desktop\github - master\cat and mouse\release\cat and mouse.tlog\cl.write.1.tlog
e:\michael\desktop\github - master\cat and mouse\release\cat and mouse.tlog\link.command.1.tlog
e:\michael\desktop\github - master\cat and mouse\release\cat and mouse.tlog\link.read.1.tlog
e:\michael\desktop\github - master\cat and mouse\release\cat and mouse.tlog\link.write.1.tlog
